[  1510.329] _XSERVTransSocketUNIXCreateListener: ...SocketCreateListener() failed
[  1510.329] _XSERVTransMakeAllCOTSServerListeners: server already running
[  1510.329] (--) Log file renamed from "/home/kjhubuntu/.local/share/xorg/Xorg.pid-4597.log" to "/home/kjhubuntu/.local/share/xorg/Xorg.1.log"
[  1510.330] 
X.Org X Server 1.19.6
Release Date: 2017-12-20
[  1510.330] X Protocol Version 11, Revision 0
[  1510.330] Build Operating System: Linux 4.4.0-138-generic x86_64 Ubuntu
[  1510.330] Current Operating System: Linux kjhubuntu-MacBookPro 4.15.0-42-generic #45-Ubuntu SMP Thu Nov 15 19:32:57 UTC 2018 x86_64
[  1510.330] Kernel command line: BOOT_IMAGE=/vmlinuz-4.15.0-42-generic root=/dev/mapper/ubuntu--vg-root ro quiet splash vt.handoff=1
[  1510.330] Build Date: 25 October 2018  04:11:27PM
[  1510.330] xorg-server 2:1.19.6-1ubuntu4.2 (For technical support please see http://www.ubuntu.com/support) 
[  1510.330] Current version of pixman: 0.34.0
[  1510.330] 	Before reporting problems, check http://wiki.x.org
	to make sure that you have the latest version.
[  1510.330] Markers: (--) probed, (**) from config file, (==) default setting,
	(++) from command line, (!!) notice, (II) informational,
	(WW) warning, (EE) error, (NI) not implemented, (??) unknown.
[  1510.330] (==) Log file: "/home/kjhubuntu/.local/share/xorg/Xorg.1.log", Time: Tue Dec 18 16:15:44 2018
[  1510.330] (==) Using system config directory "/usr/share/X11/xorg.conf.d"
[  1510.331] (==) No Layout section.  Using the first Screen section.
[  1510.331] (==) No screen section available. Using defaults.
[  1510.331] (**) |-->Screen "Default Screen Section" (0)
[  1510.331] (**) |   |-->Monitor "<default monitor>"
[  1510.331] (==) No monitor specified for screen "Default Screen Section".
	Using a default monitor configuration.
[  1510.331] (==) Automatically adding devices
[  1510.331] (==) Automatically enabling devices
[  1510.331] (==) Automatically adding GPU devices
[  1510.331] (==) Automatically binding GPU devices
[  1510.331] (==) Max clients allowed: 256, resource mask: 0x1fffff
[  1510.331] (WW) The directory "/usr/share/fonts/X11/cyrillic" does not exist.
[  1510.331] 	Entry deleted from font path.
[  1510.331] (WW) The directory "/usr/share/fonts/X11/100dpi/" does not exist.
[  1510.331] 	Entry deleted from font path.
[  1510.331] (WW) The directory "/usr/share/fonts/X11/75dpi/" does not exist.
[  1510.331] 	Entry deleted from font path.
[  1510.331] (WW) The directory "/usr/share/fonts/X11/100dpi" does not exist.
[  1510.331] 	Entry deleted from font path.
[  1510.331] (WW) The directory "/usr/share/fonts/X11/75dpi" does not exist.
[  1510.331] 	Entry deleted from font path.
[  1510.331] (==) FontPath set to:
	/usr/share/fonts/X11/misc,
	/usr/share/fonts/X11/Type1,
	built-ins
[  1510.331] (==) ModulePath set to "/usr/lib/xorg/modules"
[  1510.331] (II) The server relies on udev to provide the list of input devices.
	If no devices become available, reconfigure udev or disable AutoAddDevices.
[  1510.331] (II) Loader magic: 0x557896a8c020
[  1510.331] (II) Module ABI versions:
[  1510.331] 	X.Org ANSI C Emulation: 0.4
[  1510.331] 	X.Org Video Driver: 23.0
[  1510.331] 	X.Org XInput driver : 24.1
[  1510.331] 	X.Org Server Extension : 10.0
[  1510.333] (++) using VT number 3

[  1510.335] (II) systemd-logind: took control of session /org/freedesktop/login1/session/_37
[  1510.336] (II) xfree86: Adding drm device (/dev/dri/card0)
[  1510.337] (II) systemd-logind: got fd for /dev/dri/card0 226:0 fd 13 paused 0
[  1510.340] (--) PCI:*(0:0:2:0) 8086:0166:106b:0102 rev 9, Mem @ 0xa0000000/4194304, 0x90000000/268435456, I/O @ 0x00002000/64, BIOS @ 0x????????/131072
[  1510.340] (II) LoadModule: "glx"
[  1510.340] (II) Loading /usr/lib/xorg/modules/extensions/libglx.so
[  1510.341] (II) Module glx: vendor="X.Org Foundation"
[  1510.341] 	compiled for 1.19.6, module version = 1.0.0
[  1510.341] 	ABI class: X.Org Server Extension, version 10.0
[  1510.341] (==) Matched modesetting as autoconfigured driver 0
[  1510.341] (==) Matched fbdev as autoconfigured driver 1
[  1510.341] (==) Matched vesa as autoconfigured driver 2
[  1510.341] (==) Assigned the driver to the xf86ConfigLayout
[  1510.341] (II) LoadModule: "modesetting"
[  1510.341] (II) Loading /usr/lib/xorg/modules/drivers/modesetting_drv.so
[  1510.341] (II) Module modesetting: vendor="X.Org Foundation"
[  1510.341] 	compiled for 1.19.6, module version = 1.19.6
[  1510.341] 	Module class: X.Org Video Driver
[  1510.341] 	ABI class: X.Org Video Driver, version 23.0
[  1510.341] (II) LoadModule: "fbdev"
[  1510.341] (II) Loading /usr/lib/xorg/modules/drivers/fbdev_drv.so
[  1510.342] (II) Module fbdev: vendor="X.Org Foundation"
[  1510.342] 	compiled for 1.19.3, module version = 0.4.4
[  1510.342] 	Module class: X.Org Video Driver
[  1510.342] 	ABI class: X.Org Video Driver, version 23.0
[  1510.342] (II) LoadModule: "vesa"
[  1510.342] (II) Loading /usr/lib/xorg/modules/drivers/vesa_drv.so
[  1510.342] (II) Module vesa: vendor="X.Org Foundation"
[  1510.342] 	compiled for 1.19.3, module version = 2.3.4
[  1510.342] 	Module class: X.Org Video Driver
[  1510.342] 	ABI class: X.Org Video Driver, version 23.0
[  1510.342] (II) modesetting: Driver for Modesetting Kernel Drivers: kms
[  1510.342] (II) FBDEV: driver for framebuffer: fbdev
[  1510.342] (II) VESA: driver for VESA chipsets: vesa
[  1510.342] xf86EnableIOPorts: failed to set IOPL for I/O (Operation not permitted)
[  1510.342] (II) modeset(0): using drv /dev/dri/card0
[  1510.342] (WW) Falling back to old probe method for fbdev
[  1510.342] (II) Loading sub module "fbdevhw"
[  1510.342] (II) LoadModule: "fbdevhw"
[  1510.342] (II) Loading /usr/lib/xorg/modules/libfbdevhw.so
[  1510.342] (II) Module fbdevhw: vendor="X.Org Foundation"
[  1510.342] 	compiled for 1.19.6, module version = 0.0.2
[  1510.342] 	ABI class: X.Org Video Driver, version 23.0
[  1510.342] (EE) open /dev/fb0: Permission denied
[  1510.342] (WW) Falling back to old probe method for vesa
[  1510.342] (WW) VGA arbiter: cannot open kernel arbiter, no multi-card support
[  1510.342] (II) modeset(0): Creating default Display subsection in Screen section
	"Default Screen Section" for depth/fbbpp 24/32
[  1510.342] (==) modeset(0): Depth 24, (==) framebuffer bpp 32
[  1510.342] (==) modeset(0): RGB weight 888
[  1510.342] (==) modeset(0): Default visual is TrueColor
[  1510.342] (II) Loading sub module "glamoregl"
[  1510.342] (II) LoadModule: "glamoregl"
[  1510.343] (II) Loading /usr/lib/xorg/modules/libglamoregl.so
[  1510.346] (II) Module glamoregl: vendor="X.Org Foundation"
[  1510.346] 	compiled for 1.19.6, module version = 1.0.0
[  1510.346] 	ABI class: X.Org ANSI C Emulation, version 0.4
[  1510.346] (II) glamor: OpenGL accelerated X.org driver based.
[  1510.357] (II) glamor: EGL version 1.4 (DRI2):
[  1510.362] (II) modeset(0): glamor initialized
[  1510.363] (II) modeset(0): Output eDP-1 has no monitor section
[  1510.484] (II) modeset(0): Output VGA-1 has no monitor section
[  1510.492] (II) modeset(0): Output HDMI-1 has no monitor section
[  1510.492] (II) modeset(0): Output DP-1 has no monitor section
[  1510.500] (II) modeset(0): Output HDMI-2 has no monitor section
[  1510.508] (II) modeset(0): Output HDMI-3 has no monitor section
[  1510.508] (II) modeset(0): Output DP-2 has no monitor section
[  1510.508] (II) modeset(0): Output DP-3 has no monitor section
[  1510.524] (II) modeset(0): EDID for output eDP-1
[  1510.524] (II) modeset(0): Manufacturer: APP  Model: a014  Serial#: 0
[  1510.524] (II) modeset(0): Year: 2012  Week: 10
[  1510.525] (II) modeset(0): EDID Version: 1.4
[  1510.525] (II) modeset(0): Digital Display Input
[  1510.525] (II) modeset(0): 8 bits per channel
[  1510.525] (II) modeset(0): Digital interface is DisplayPort
[  1510.525] (II) modeset(0): Max Image Size [cm]: horiz.: 29  vert.: 18
[  1510.525] (II) modeset(0): Gamma: 2.20
[  1510.525] (II) modeset(0): No DPMS capabilities specified
[  1510.525] (II) modeset(0): Supported color encodings: RGB 4:4:4 
[  1510.525] (II) modeset(0): First detailed timing is preferred mode
[  1510.525] (II) modeset(0): Preferred mode is native pixel format and refresh rate
[  1510.525] (II) modeset(0): redX: 0.653 redY: 0.334   greenX: 0.300 greenY: 0.620
[  1510.525] (II) modeset(0): blueX: 0.146 blueY: 0.050   whiteX: 0.312 whiteY: 0.329
[  1510.525] (II) modeset(0): Manufacturer's mask: 0
[  1510.525] (II) modeset(0): Supported detailed timing:
[  1510.525] (II) modeset(0): clock: 268.5 MHz   Image Size:  286 x 179 mm
[  1510.525] (II) modeset(0): h_active: 2560  h_sync: 2608  h_sync_end 2640 h_blank_end 2720 h_border: 0
[  1510.525] (II) modeset(0): v_active: 1600  v_sync: 1603  v_sync_end 1609 v_blanking: 1646 v_border: 0
[  1510.525] (II) modeset(0): Monitor name: Color LCD
[  1510.525] (II) modeset(0): EDID (in hex):
[  1510.525] (II) modeset(0): 	00ffffffffffff00061014a000000000
[  1510.525] (II) modeset(0): 	0a160104a51d1278026fb1a7554c9e25
[  1510.525] (II) modeset(0): 	0c505400000001010101010101010101
[  1510.525] (II) modeset(0): 	010101010101e26800a0a0402e603020
[  1510.525] (II) modeset(0): 	36001eb31000001a000000fc00436f6c
[  1510.525] (II) modeset(0): 	6f72204c43440a202020000000100000
[  1510.525] (II) modeset(0): 	00000000000000000000000000000010
[  1510.525] (II) modeset(0): 	0000000000000000000000000000008d
[  1510.525] (II) modeset(0): Printing probed modes for output eDP-1
[  1510.525] (II) modeset(0): Modeline "2560x1600"x60.0  268.50  2560 2608 2640 2720  1600 1603 1609 1646 +hsync -vsync (98.7 kHz eP)
[  1510.526] (II) modeset(0): Modeline "2560x1440"x120.0  638.25  2560 2780 3064 3568  1440 1441 1444 1491 doublescan -hsync +vsync (178.9 kHz d)
[  1510.526] (II) modeset(0): Modeline "2560x1440"x120.0  469.12  2560 2584 2600 2640  1440 1441 1444 1481 doublescan +hsync -vsync (177.7 kHz d)
[  1510.526] (II) modeset(0): Modeline "2560x1440"x60.0  312.25  2560 2752 3024 3488  1440 1443 1448 1493 -hsync +vsync (89.5 kHz d)
[  1510.526] (II) modeset(0): Modeline "2560x1440"x60.0  241.50  2560 2608 2640 2720  1440 1443 1448 1481 +hsync -vsync (88.8 kHz d)
[  1510.526] (II) modeset(0): Modeline "2048x1536"x60.0  266.95  2048 2200 2424 2800  1536 1537 1540 1589 -hsync +vsync (95.3 kHz d)
[  1510.526] (II) modeset(0): Modeline "1920x1440"x60.0  234.00  1920 2048 2256 2600  1440 1441 1444 1500 -hsync +vsync (90.0 kHz d)
[  1510.526] (II) modeset(0): Modeline "1856x1392"x60.0  218.30  1856 1952 2176 2528  1392 1393 1396 1439 -hsync +vsync (86.4 kHz d)
[  1510.526] (II) modeset(0): Modeline "1792x1344"x60.0  204.80  1792 1920 2120 2448  1344 1345 1348 1394 -hsync +vsync (83.7 kHz d)
[  1510.526] (II) modeset(0): Modeline "2048x1152"x120.0  406.50  2048 2220 2444 2840  1152 1153 1156 1193 doublescan -hsync +vsync (143.1 kHz d)
[  1510.526] (II) modeset(0): Modeline "2048x1152"x120.0  302.50  2048 2072 2088 2128  1152 1153 1156 1185 doublescan +hsync -vsync (142.2 kHz d)
[  1510.526] (II) modeset(0): Modeline "2048x1152"x59.9  197.00  2048 2184 2400 2752  1152 1155 1160 1195 -hsync +vsync (71.6 kHz d)
[  1510.526] (II) modeset(0): Modeline "2048x1152"x59.9  156.75  2048 2096 2128 2208  1152 1155 1160 1185 +hsync -vsync (71.0 kHz d)
[  1510.526] (II) modeset(0): Modeline "1920x1200"x59.9  193.25  1920 2056 2256 2592  1200 1203 1209 1245 -hsync +vsync (74.6 kHz d)
[  1510.526] (II) modeset(0): Modeline "1920x1200"x60.0  154.00  1920 1968 2000 2080  1200 1203 1209 1235 +hsync -vsync (74.0 kHz d)
[  1510.526] (II) modeset(0): Modeline "1920x1080"x120.0  356.38  1920 2080 2288 2656  1080 1081 1084 1118 doublescan -hsync +vsync (134.2 kHz d)
[  1510.526] (II) modeset(0): Modeline "1920x1080"x119.9  266.50  1920 1944 1960 2000  1080 1081 1084 1111 doublescan +hsync -vsync (133.2 kHz d)
[  1510.526] (II) modeset(0): Modeline "1920x1080"x60.0  173.00  1920 2048 2248 2576  1080 1083 1088 1120 -hsync +vsync (67.2 kHz d)
[  1510.526] (II) modeset(0): Modeline "1920x1080"x59.9  138.50  1920 1968 2000 2080  1080 1083 1088 1111 +hsync -vsync (66.6 kHz d)
[  1510.526] (II) modeset(0): Modeline "1600x1200"x60.0  162.00  1600 1664 1856 2160  1200 1201 1204 1250 +hsync +vsync (75.0 kHz d)
[  1510.526] (II) modeset(0): Modeline "1680x1050"x60.0  146.25  1680 1784 1960 2240  1050 1053 1059 1089 -hsync +vsync (65.3 kHz d)
[  1510.526] (II) modeset(0): Modeline "1680x1050"x59.9  119.00  1680 1728 1760 1840  1050 1053 1059 1080 +hsync -vsync (64.7 kHz d)
[  1510.526] (II) modeset(0): Modeline "1600x1024"x60.2  103.12  1600 1600 1656 1664  1024 1024 1029 1030 +hsync +vsync (62.0 kHz d)
[  1510.526] (II) modeset(0): Modeline "1400x1050"x60.0  122.00  1400 1488 1640 1880  1050 1052 1064 1082 +hsync +vsync (64.9 kHz d)
[  1510.526] (II) modeset(0): Modeline "1600x900"x120.0  246.00  1600 1728 1900 2200  900 901 904 932 doublescan -hsync +vsync (111.8 kHz d)
[  1510.526] (II) modeset(0): Modeline "1600x900"x119.9  186.50  1600 1624 1640 1680  900 901 904 926 doublescan +hsync -vsync (111.0 kHz d)
[  1510.526] (II) modeset(0): Modeline "1600x900"x59.9  118.25  1600 1696 1856 2112  900 903 908 934 -hsync +vsync (56.0 kHz d)
[  1510.526] (II) modeset(0): Modeline "1600x900"x59.8   97.50  1600 1648 1680 1760  900 903 908 926 +hsync -vsync (55.4 kHz d)
[  1510.526] (II) modeset(0): Modeline "1280x1024"x60.0  108.00  1280 1328 1440 1688  1024 1025 1028 1066 +hsync +vsync (64.0 kHz d)
[  1510.526] (II) modeset(0): Modeline "1440x900"x59.9  106.50  1440 1520 1672 1904  900 903 909 934 -hsync +vsync (55.9 kHz d)
[  1510.526] (II) modeset(0): Modeline "1400x900"x60.0  103.50  1400 1480 1624 1848  900 903 913 934 -hsync +vsync (56.0 kHz d)
[  1510.526] (II) modeset(0): Modeline "1400x900"x59.9   86.50  1400 1448 1480 1560  900 903 913 926 +hsync -vsync (55.4 kHz d)
[  1510.526] (II) modeset(0): Modeline "1280x960"x60.0  108.00  1280 1376 1488 1800  960 961 964 1000 +hsync +vsync (60.0 kHz d)
[  1510.526] (II) modeset(0): Modeline "1440x810"x120.0  198.12  1440 1548 1704 1968  810 811 814 839 doublescan -hsync +vsync (100.7 kHz d)
[  1510.526] (II) modeset(0): Modeline "1440x810"x119.9  151.88  1440 1464 1480 1520  810 811 814 833 doublescan +hsync -vsync (99.9 kHz d)
[  1510.526] (II) modeset(0): Modeline "1368x768"x59.9   85.25  1368 1440 1576 1784  768 771 781 798 -hsync +vsync (47.8 kHz d)
[  1510.526] (II) modeset(0): Modeline "1368x768"x59.9   72.25  1368 1416 1448 1528  768 771 781 790 +hsync -vsync (47.3 kHz d)
[  1510.526] (II) modeset(0): Modeline "1360x768"x59.8   84.75  1360 1432 1568 1776  768 771 781 798 -hsync +vsync (47.7 kHz d)
[  1510.526] (II) modeset(0): Modeline "1360x768"x60.0   72.00  1360 1408 1440 1520  768 771 781 790 +hsync -vsync (47.4 kHz d)
[  1510.526] (II) modeset(0): Modeline "1280x800"x120.0  174.25  1280 1380 1516 1752  800 801 804 829 doublescan -hsync +vsync (99.5 kHz d)
[  1510.526] (II) modeset(0): Modeline "1280x800"x119.9  134.25  1280 1304 1320 1360  800 801 804 823 doublescan +hsync -vsync (98.7 kHz d)
[  1510.526] (II) modeset(0): Modeline "1280x800"x59.8   83.50  1280 1352 1480 1680  800 803 809 831 -hsync +vsync (49.7 kHz d)
[  1510.526] (II) modeset(0): Modeline "1280x800"x59.9   71.00  1280 1328 1360 1440  800 803 809 823 +hsync -vsync (49.3 kHz d)
[  1510.526] (II) modeset(0): Modeline "1152x864"x60.0   81.62  1152 1216 1336 1520  864 865 868 895 -hsync +vsync (53.7 kHz d)
[  1510.526] (II) modeset(0): Modeline "1280x720"x120.0  156.12  1280 1376 1512 1744  720 721 724 746 doublescan -hsync +vsync (89.5 kHz d)
[  1510.527] (II) modeset(0): Modeline "1280x720"x120.0  120.75  1280 1304 1320 1360  720 721 724 740 doublescan +hsync -vsync (88.8 kHz d)
[  1510.527] (II) modeset(0): Modeline "1280x720"x59.9   74.50  1280 1344 1472 1664  720 723 728 748 -hsync +vsync (44.8 kHz d)
[  1510.527] (II) modeset(0): Modeline "1280x720"x59.7   63.75  1280 1328 1360 1440  720 723 728 741 +hsync -vsync (44.3 kHz d)
[  1510.527] (II) modeset(0): Modeline "1024x768"x120.1  133.47  1024 1100 1212 1400  768 768 770 794 doublescan -hsync +vsync (95.3 kHz d)
[  1510.527] (II) modeset(0): Modeline "1024x768"x60.0   65.00  1024 1048 1184 1344  768 771 777 806 -hsync -vsync (48.4 kHz d)
[  1510.527] (II) modeset(0): Modeline "960x720"x120.0  117.00  960 1024 1128 1300  720 720 722 750 doublescan -hsync +vsync (90.0 kHz d)
[  1510.527] (II) modeset(0): Modeline "928x696"x120.1  109.15  928 976 1088 1264  696 696 698 719 doublescan -hsync +vsync (86.4 kHz d)
[  1510.527] (II) modeset(0): Modeline "896x672"x120.0  102.40  896 960 1060 1224  672 672 674 697 doublescan -hsync +vsync (83.7 kHz d)
[  1510.527] (II) modeset(0): Modeline "1024x576"x119.9   98.50  1024 1092 1200 1376  576 577 580 597 doublescan -hsync +vsync (71.6 kHz d)
[  1510.527] (II) modeset(0): Modeline "1024x576"x119.9   78.38  1024 1048 1064 1104  576 577 580 592 doublescan +hsync -vsync (71.0 kHz d)
[  1510.527] (II) modeset(0): Modeline "1024x576"x59.9   46.50  1024 1064 1160 1296  576 579 584 599 -hsync +vsync (35.9 kHz d)
[  1510.527] (II) modeset(0): Modeline "1024x576"x59.8   42.00  1024 1072 1104 1184  576 579 584 593 +hsync -vsync (35.5 kHz d)
[  1510.527] (II) modeset(0): Modeline "960x600"x119.9   96.62  960 1028 1128 1296  600 601 604 622 doublescan -hsync +vsync (74.6 kHz d)
[  1510.527] (II) modeset(0): Modeline "960x600"x120.0   77.00  960 984 1000 1040  600 601 604 617 doublescan +hsync -vsync (74.0 kHz d)
[  1510.527] (II) modeset(0): Modeline "960x540"x119.9   86.50  960 1024 1124 1288  540 541 544 560 doublescan -hsync +vsync (67.2 kHz d)
[  1510.527] (II) modeset(0): Modeline "960x540"x120.0   69.25  960 984 1000 1040  540 541 544 555 doublescan +hsync -vsync (66.6 kHz d)
[  1510.527] (II) modeset(0): Modeline "960x540"x59.6   40.75  960 992 1088 1216  540 543 548 562 -hsync +vsync (33.5 kHz d)
[  1510.527] (II) modeset(0): Modeline "960x540"x59.8   37.25  960 1008 1040 1120  540 543 548 556 +hsync -vsync (33.3 kHz d)
[  1510.527] (II) modeset(0): Modeline "800x600"x120.0   81.00  800 832 928 1080  600 600 602 625 doublescan +hsync +vsync (75.0 kHz d)
[  1510.527] (II) modeset(0): Modeline "800x600"x60.3   40.00  800 840 968 1056  600 601 605 628 +hsync +vsync (37.9 kHz d)
[  1510.527] (II) modeset(0): Modeline "800x600"x56.2   36.00  800 824 896 1024  600 601 603 625 +hsync +vsync (35.2 kHz d)
[  1510.527] (II) modeset(0): Modeline "840x525"x120.0   73.12  840 892 980 1120  525 526 529 544 doublescan -hsync +vsync (65.3 kHz d)
[  1510.527] (II) modeset(0): Modeline "840x525"x119.8   59.50  840 864 880 920  525 526 529 540 doublescan +hsync -vsync (64.7 kHz d)
[  1510.527] (II) modeset(0): Modeline "864x486"x59.9   32.50  864 888 968 1072  486 489 494 506 -hsync +vsync (30.3 kHz d)
[  1510.527] (II) modeset(0): Modeline "864x486"x59.6   30.50  864 912 944 1024  486 489 494 500 +hsync -vsync (29.8 kHz d)
[  1510.527] (II) modeset(0): Modeline "800x512"x120.3   51.56  800 800 828 832  512 512 514 515 doublescan +hsync +vsync (62.0 kHz d)
[  1510.527] (II) modeset(0): Modeline "700x525"x120.0   61.00  700 744 820 940  525 526 532 541 doublescan +hsync +vsync (64.9 kHz d)
[  1510.527] (II) modeset(0): Modeline "800x450"x119.9   59.12  800 848 928 1056  450 451 454 467 doublescan -hsync +vsync (56.0 kHz d)
[  1510.527] (II) modeset(0): Modeline "800x450"x119.6   48.75  800 824 840 880  450 451 454 463 doublescan +hsync -vsync (55.4 kHz d)
[  1510.527] (II) modeset(0): Modeline "640x512"x120.0   54.00  640 664 720 844  512 512 514 533 doublescan +hsync +vsync (64.0 kHz d)
[  1510.527] (II) modeset(0): Modeline "720x450"x119.8   53.25  720 760 836 952  450 451 454 467 doublescan -hsync +vsync (55.9 kHz d)
[  1510.527] (II) modeset(0): Modeline "700x450"x119.9   51.75  700 740 812 924  450 451 456 467 doublescan -hsync +vsync (56.0 kHz d)
[  1510.527] (II) modeset(0): Modeline "700x450"x119.8   43.25  700 724 740 780  450 451 456 463 doublescan +hsync -vsync (55.4 kHz d)
[  1510.527] (II) modeset(0): Modeline "640x480"x120.0   54.00  640 688 744 900  480 480 482 500 doublescan +hsync +vsync (60.0 kHz d)
[  1510.527] (II) modeset(0): Modeline "640x480"x59.9   25.18  640 656 752 800  480 490 492 525 -hsync -vsync (31.5 kHz d)
[  1510.527] (II) modeset(0): Modeline "720x405"x59.5   22.50  720 744 808 896  405 408 413 422 -hsync +vsync (25.1 kHz d)
[  1510.527] (II) modeset(0): Modeline "720x405"x59.0   21.75  720 768 800 880  405 408 413 419 +hsync -vsync (24.7 kHz d)
[  1510.527] (II) modeset(0): Modeline "684x384"x119.8   42.62  684 720 788 892  384 385 390 399 doublescan -hsync +vsync (47.8 kHz d)
[  1510.527] (II) modeset(0): Modeline "684x384"x119.7   36.12  684 708 724 764  384 385 390 395 doublescan +hsync -vsync (47.3 kHz d)
[  1510.527] (II) modeset(0): Modeline "680x384"x119.6   42.38  680 716 784 888  384 385 390 399 doublescan -hsync +vsync (47.7 kHz d)
[  1510.527] (II) modeset(0): Modeline "680x384"x119.9   36.00  680 704 720 760  384 385 390 395 doublescan +hsync -vsync (47.4 kHz d)
[  1510.527] (II) modeset(0): Modeline "640x400"x119.8   41.75  640 676 740 840  400 401 404 415 doublescan -hsync +vsync (49.7 kHz d)
[  1510.527] (II) modeset(0): Modeline "640x400"x120.0   35.50  640 664 680 720  400 401 404 411 doublescan +hsync -vsync (49.3 kHz d)
[  1510.527] (II) modeset(0): Modeline "576x432"x120.1   40.81  576 608 668 760  432 432 434 447 doublescan -hsync +vsync (53.7 kHz d)
[  1510.527] (II) modeset(0): Modeline "640x360"x119.7   37.25  640 672 736 832  360 361 364 374 doublescan -hsync +vsync (44.8 kHz d)
[  1510.527] (II) modeset(0): Modeline "640x360"x119.7   31.88  640 664 680 720  360 361 364 370 doublescan +hsync -vsync (44.3 kHz d)
[  1510.527] (II) modeset(0): Modeline "640x360"x59.8   18.00  640 664 720 800  360 363 368 376 -hsync +vsync (22.5 kHz d)
[  1510.527] (II) modeset(0): Modeline "640x360"x59.3   17.75  640 688 720 800  360 363 368 374 +hsync -vsync (22.2 kHz d)
[  1510.527] (II) modeset(0): Modeline "512x384"x120.0   32.50  512 524 592 672  384 385 388 403 doublescan -hsync -vsync (48.4 kHz d)
[  1510.528] (II) modeset(0): Modeline "512x288"x120.0   23.25  512 532 580 648  288 289 292 299 doublescan -hsync +vsync (35.9 kHz d)
[  1510.528] (II) modeset(0): Modeline "512x288"x119.8   21.00  512 536 552 592  288 289 292 296 doublescan +hsync -vsync (35.5 kHz d)
[  1510.528] (II) modeset(0): Modeline "480x270"x119.3   20.38  480 496 544 608  270 271 274 281 doublescan -hsync +vsync (33.5 kHz d)
[  1510.528] (II) modeset(0): Modeline "480x270"x119.6   18.62  480 504 520 560  270 271 274 278 doublescan +hsync -vsync (33.3 kHz d)
[  1510.528] (II) modeset(0): Modeline "400x300"x120.6   20.00  400 420 484 528  300 300 302 314 doublescan +hsync +vsync (37.9 kHz d)
[  1510.528] (II) modeset(0): Modeline "400x300"x112.7   18.00  400 412 448 512  300 300 301 312 doublescan +hsync +vsync (35.2 kHz d)
[  1510.528] (II) modeset(0): Modeline "432x243"x119.8   16.25  432 444 484 536  243 244 247 253 doublescan -hsync +vsync (30.3 kHz d)
[  1510.528] (II) modeset(0): Modeline "432x243"x119.1   15.25  432 456 472 512  243 244 247 250 doublescan +hsync -vsync (29.8 kHz d)
[  1510.528] (II) modeset(0): Modeline "320x240"x120.1   12.59  320 328 376 400  240 245 246 262 doublescan -hsync -vsync (31.5 kHz d)
[  1510.528] (II) modeset(0): Modeline "360x202"x119.0   11.25  360 372 404 448  202 204 206 211 doublescan -hsync +vsync (25.1 kHz d)
[  1510.528] (II) modeset(0): Modeline "360x202"x118.3   10.88  360 384 400 440  202 204 206 209 doublescan +hsync -vsync (24.7 kHz d)
[  1510.528] (II) modeset(0): Modeline "320x180"x119.7    9.00  320 332 360 400  180 181 184 188 doublescan -hsync +vsync (22.5 kHz d)
[  1510.528] (II) modeset(0): Modeline "320x180"x118.6    8.88  320 344 360 400  180 181 184 187 doublescan +hsync -vsync (22.2 kHz d)
[  1510.652] (II) modeset(0): EDID for output VGA-1
[  1510.660] (II) modeset(0): EDID for output HDMI-1
[  1510.660] (II) modeset(0): EDID for output DP-1
[  1510.668] (II) modeset(0): EDID for output HDMI-2
[  1510.676] (II) modeset(0): EDID for output HDMI-3
[  1510.676] (II) modeset(0): EDID for output DP-2
[  1510.676] (II) modeset(0): EDID for output DP-3
[  1510.676] (II) modeset(0): Output eDP-1 connected
[  1510.676] (II) modeset(0): Output VGA-1 disconnected
[  1510.676] (II) modeset(0): Output HDMI-1 disconnected
[  1510.676] (II) modeset(0): Output DP-1 disconnected
[  1510.676] (II) modeset(0): Output HDMI-2 disconnected
[  1510.676] (II) modeset(0): Output HDMI-3 disconnected
[  1510.676] (II) modeset(0): Output DP-2 disconnected
[  1510.676] (II) modeset(0): Output DP-3 disconnected
[  1510.676] (II) modeset(0): Using exact sizes for initial modes
[  1510.676] (II) modeset(0): Output eDP-1 using initial mode 2560x1600 +0+0
[  1510.676] (==) modeset(0): Using gamma correction (1.0, 1.0, 1.0)
[  1510.676] (==) modeset(0): DPI set to (96, 96)
[  1510.676] (II) Loading sub module "fb"
[  1510.676] (II) LoadModule: "fb"
[  1510.676] (II) Loading /usr/lib/xorg/modules/libfb.so
[  1510.677] (II) Module fb: vendor="X.Org Foundation"
[  1510.677] 	compiled for 1.19.6, module version = 1.0.0
[  1510.677] 	ABI class: X.Org ANSI C Emulation, version 0.4
[  1510.677] (II) UnloadModule: "fbdev"
[  1510.677] (II) Unloading fbdev
[  1510.677] (II) UnloadSubModule: "fbdevhw"
[  1510.677] (II) Unloading fbdevhw
[  1510.677] (II) UnloadModule: "vesa"
[  1510.677] (II) Unloading vesa
[  1510.677] (==) Depth 24 pixmap format is 32 bpp
[  1510.765] (==) modeset(0): Backing store enabled
[  1510.765] (==) modeset(0): Silken mouse enabled
[  1510.765] (II) modeset(0): RandR 1.2 enabled, ignore the following RandR disabled message.
[  1510.824] (==) modeset(0): DPMS enabled
[  1510.824] (II) modeset(0): [DRI2] Setup complete
[  1510.824] (II) modeset(0): [DRI2]   DRI driver: i965
[  1510.824] (II) modeset(0): [DRI2]   VDPAU driver: i965
[  1510.824] (--) RandR disabled
[  1510.828] (II) SELinux: Disabled on system
[  1510.834] (II) AIGLX: enabled GLX_MESA_copy_sub_buffer
[  1510.834] (II) AIGLX: enabled GLX_ARB_create_context
[  1510.834] (II) AIGLX: enabled GLX_ARB_create_context_profile
[  1510.834] (II) AIGLX: enabled GLX_EXT_create_context_es{,2}_profile
[  1510.834] (II) AIGLX: enabled GLX_INTEL_swap_event
[  1510.834] (II) AIGLX: enabled GLX_SGI_swap_control
[  1510.834] (II) AIGLX: enabled GLX_EXT_framebuffer_sRGB
[  1510.834] (II) AIGLX: enabled GLX_ARB_fbconfig_float
[  1510.834] (II) AIGLX: enabled GLX_EXT_fbconfig_packed_float
[  1510.834] (II) AIGLX: GLX_EXT_texture_from_pixmap backed by buffer objects
[  1510.834] (II) AIGLX: enabled GLX_ARB_create_context_robustness
[  1510.834] (II) AIGLX: Loaded and initialized i965
[  1510.834] (II) GLX: Initialized DRI2 GL provider for screen 0
[  1510.837] (II) modeset(0): Damage tracking initialized
[  1510.837] (II) modeset(0): Setting screen physical size to 677 x 423
[  1510.874] (II) config/udev: Adding input device Power Button (/dev/input/event3)
[  1510.874] (**) Power Button: Applying InputClass "evdev keyboard catchall"
[  1510.874] (**) Power Button: Applying InputClass "libinput keyboard catchall"
[  1510.874] (II) LoadModule: "libinput"
[  1510.874] (II) Loading /usr/lib/xorg/modules/input/libinput_drv.so
[  1510.875] (II) Module libinput: vendor="X.Org Foundation"
[  1510.875] 	compiled for 1.19.6, module version = 0.27.1
[  1510.875] 	Module class: X.Org XInput Driver
[  1510.875] 	ABI class: X.Org XInput driver, version 24.1
[  1510.875] (II) Using input driver 'libinput' for 'Power Button'
[  1510.876] (II) systemd-logind: got fd for /dev/input/event3 13:67 fd 22 paused 0
[  1510.876] (**) Power Button: always reports core events
[  1510.876] (**) Option "Device" "/dev/input/event3"
[  1510.876] (**) Option "_source" "server/udev"
[  1510.877] (II) event3  - Power Button: is tagged by udev as: Keyboard
[  1510.877] (II) event3  - Power Button: device is a keyboard
[  1510.877] (II) event3  - Power Button: device removed
[  1510.877] (**) Option "config_info" "udev:/sys/devices/LNXSYSTM:00/LNXPWRBN:00/input/input3/event3"
[  1510.877] (II) XINPUT: Adding extended input device "Power Button" (type: KEYBOARD, id 6)
[  1510.877] (**) Option "xkb_model" "pc105"
[  1510.877] (**) Option "xkb_layout" "us"
[  1510.877] (II) event3  - Power Button: is tagged by udev as: Keyboard
[  1510.877] (II) event3  - Power Button: device is a keyboard
[  1510.878] (II) config/udev: Adding input device Video Bus (/dev/input/event4)
[  1510.878] (**) Video Bus: Applying InputClass "evdev keyboard catchall"
[  1510.878] (**) Video Bus: Applying InputClass "libinput keyboard catchall"
[  1510.878] (II) Using input driver 'libinput' for 'Video Bus'
[  1510.879] (II) systemd-logind: got fd for /dev/input/event4 13:68 fd 25 paused 0
[  1510.879] (**) Video Bus: always reports core events
[  1510.879] (**) Option "Device" "/dev/input/event4"
[  1510.879] (**) Option "_source" "server/udev"
[  1510.880] (II) event4  - Video Bus: is tagged by udev as: Keyboard
[  1510.880] (II) event4  - Video Bus: device is a keyboard
[  1510.880] (II) event4  - Video Bus: device removed
[  1510.880] (**) Option "config_info" "udev:/sys/devices/LNXSYSTM:00/LNXSYBUS:00/PNP0A08:00/LNXVIDEO:00/input/input4/event4"
[  1510.880] (II) XINPUT: Adding extended input device "Video Bus" (type: KEYBOARD, id 7)
[  1510.880] (**) Option "xkb_model" "pc105"
[  1510.880] (**) Option "xkb_layout" "us"
[  1510.881] (II) event4  - Video Bus: is tagged by udev as: Keyboard
[  1510.881] (II) event4  - Video Bus: device is a keyboard
[  1510.881] (II) config/udev: Adding input device Power Button (/dev/input/event1)
[  1510.882] (**) Power Button: Applying InputClass "evdev keyboard catchall"
[  1510.882] (**) Power Button: Applying InputClass "libinput keyboard catchall"
[  1510.882] (II) Using input driver 'libinput' for 'Power Button'
[  1510.883] (II) systemd-logind: got fd for /dev/input/event1 13:65 fd 26 paused 0
[  1510.883] (**) Power Button: always reports core events
[  1510.883] (**) Option "Device" "/dev/input/event1"
[  1510.883] (**) Option "_source" "server/udev"
[  1510.884] (II) event1  - Power Button: is tagged by udev as: Keyboard
[  1510.884] (II) event1  - Power Button: device is a keyboard
[  1510.884] (II) event1  - Power Button: device removed
[  1510.884] (**) Option "config_info" "udev:/sys/devices/LNXSYSTM:00/LNXSYBUS:00/PNP0C0C:00/input/input1/event1"
[  1510.884] (II) XINPUT: Adding extended input device "Power Button" (type: KEYBOARD, id 8)
[  1510.884] (**) Option "xkb_model" "pc105"
[  1510.884] (**) Option "xkb_layout" "us"
[  1510.885] (II) event1  - Power Button: is tagged by udev as: Keyboard
[  1510.885] (II) event1  - Power Button: device is a keyboard
[  1510.885] (II) config/udev: Adding input device Lid Switch (/dev/input/event0)
[  1510.885] (II) No input driver specified, ignoring this device.
[  1510.885] (II) This device may have been added with another device file.
[  1510.886] (II) config/udev: Adding input device Sleep Button (/dev/input/event2)
[  1510.886] (**) Sleep Button: Applying InputClass "evdev keyboard catchall"
[  1510.886] (**) Sleep Button: Applying InputClass "libinput keyboard catchall"
[  1510.886] (II) Using input driver 'libinput' for 'Sleep Button'
[  1510.889] (II) systemd-logind: got fd for /dev/input/event2 13:66 fd 27 paused 0
[  1510.889] (**) Sleep Button: always reports core events
[  1510.889] (**) Option "Device" "/dev/input/event2"
[  1510.889] (**) Option "_source" "server/udev"
[  1510.890] (II) event2  - Sleep Button: is tagged by udev as: Keyboard
[  1510.890] (II) event2  - Sleep Button: device is a keyboard
[  1510.890] (II) event2  - Sleep Button: device removed
[  1510.890] (**) Option "config_info" "udev:/sys/devices/LNXSYSTM:00/LNXSYBUS:00/PNP0C0E:00/input/input2/event2"
[  1510.890] (II) XINPUT: Adding extended input device "Sleep Button" (type: KEYBOARD, id 9)
[  1510.890] (**) Option "xkb_model" "pc105"
[  1510.890] (**) Option "xkb_layout" "us"
[  1510.890] (II) event2  - Sleep Button: is tagged by udev as: Keyboard
[  1510.890] (II) event2  - Sleep Button: device is a keyboard
[  1510.892] (II) config/udev: Adding input device Logitech USB Optical Mouse (/dev/input/event5)
[  1510.892] (**) Logitech USB Optical Mouse: Applying InputClass "evdev pointer catchall"
[  1510.892] (**) Logitech USB Optical Mouse: Applying InputClass "libinput pointer catchall"
[  1510.892] (II) Using input driver 'libinput' for 'Logitech USB Optical Mouse'
[  1510.894] (II) systemd-logind: got fd for /dev/input/event5 13:69 fd 28 paused 0
[  1510.894] (**) Logitech USB Optical Mouse: always reports core events
[  1510.894] (**) Option "Device" "/dev/input/event5"
[  1510.894] (**) Option "_source" "server/udev"
[  1510.894] (II) event5  - Logitech USB Optical Mouse: is tagged by udev as: Mouse
[  1510.894] (II) event5  - Logitech USB Optical Mouse: device set to 1000 DPI
[  1510.894] (II) event5  - Logitech USB Optical Mouse: device is a pointer
[  1510.894] (II) event5  - Logitech USB Optical Mouse: device removed
[  1510.895] (**) Option "config_info" "udev:/sys/devices/pci0000:00/0000:00:14.0/usb3/3-3/3-3:1.0/0003:046D:C05A.0001/input/input5/event5"
[  1510.895] (II) XINPUT: Adding extended input device "Logitech USB Optical Mouse" (type: MOUSE, id 10)
[  1510.895] (**) Option "AccelerationScheme" "none"
[  1510.895] (**) Logitech USB Optical Mouse: (accel) selected scheme none/0
[  1510.895] (**) Logitech USB Optical Mouse: (accel) acceleration factor: 2.000
[  1510.895] (**) Logitech USB Optical Mouse: (accel) acceleration threshold: 4
[  1510.895] (II) event5  - Logitech USB Optical Mouse: is tagged by udev as: Mouse
[  1510.895] (II) event5  - Logitech USB Optical Mouse: device set to 1000 DPI
[  1510.895] (II) event5  - Logitech USB Optical Mouse: device is a pointer
[  1510.896] (II) config/udev: Adding input device Logitech USB Optical Mouse (/dev/input/mouse0)
[  1510.896] (II) No input driver specified, ignoring this device.
[  1510.896] (II) This device may have been added with another device file.
[  1510.897] (II) config/udev: Adding input device FaceTime HD Camera (Built-in):  (/dev/input/event13)
[  1510.897] (**) FaceTime HD Camera (Built-in): : Applying InputClass "evdev keyboard catchall"
[  1510.897] (**) FaceTime HD Camera (Built-in): : Applying InputClass "libinput keyboard catchall"
[  1510.897] (II) Using input driver 'libinput' for 'FaceTime HD Camera (Built-in): '
[  1510.898] (II) systemd-logind: got fd for /dev/input/event13 13:77 fd 29 paused 0
[  1510.898] (**) FaceTime HD Camera (Built-in): : always reports core events
[  1510.898] (**) Option "Device" "/dev/input/event13"
[  1510.898] (**) Option "_source" "server/udev"
[  1510.899] (II) event13 - FaceTime HD Camera (Built-in): : is tagged by udev as: Keyboard
[  1510.899] (II) event13 - FaceTime HD Camera (Built-in): : device is a keyboard
[  1510.899] (II) event13 - FaceTime HD Camera (Built-in): : device removed
[  1510.899] (**) Option "config_info" "udev:/sys/devices/pci0000:00/0000:00:1a.0/usb1/1-1/1-1.1/1-1.1:1.0/input/input13/event13"
[  1510.899] (II) XINPUT: Adding extended input device "FaceTime HD Camera (Built-in): " (type: KEYBOARD, id 11)
[  1510.899] (**) Option "xkb_model" "pc105"
[  1510.899] (**) Option "xkb_layout" "us"
[  1510.899] (II) event13 - FaceTime HD Camera (Built-in): : is tagged by udev as: Keyboard
[  1510.899] (II) event13 - FaceTime HD Camera (Built-in): : device is a keyboard
[  1510.900] (II) config/udev: Adding input device HDA Intel PCH HDMI/DP,pcm=3 (/dev/input/event10)
[  1510.900] (II) No input driver specified, ignoring this device.
[  1510.900] (II) This device may have been added with another device file.
[  1510.900] (II) config/udev: Adding input device HDA Intel PCH HDMI/DP,pcm=7 (/dev/input/event11)
[  1510.900] (II) No input driver specified, ignoring this device.
[  1510.900] (II) This device may have been added with another device file.
[  1510.901] (II) config/udev: Adding input device HDA Intel PCH HDMI/DP,pcm=8 (/dev/input/event12)
[  1510.901] (II) No input driver specified, ignoring this device.
[  1510.901] (II) This device may have been added with another device file.
[  1510.901] (II) config/udev: Adding input device HDA Intel PCH Headphone (/dev/input/event9)
[  1510.901] (II) No input driver specified, ignoring this device.
[  1510.901] (II) This device may have been added with another device file.
[  1510.902] (II) config/udev: Adding input device Apple Inc. Apple Internal Keyboard / Trackpad (/dev/input/event6)
[  1510.902] (**) Apple Inc. Apple Internal Keyboard / Trackpad: Applying InputClass "evdev keyboard catchall"
[  1510.902] (**) Apple Inc. Apple Internal Keyboard / Trackpad: Applying InputClass "libinput keyboard catchall"
[  1510.902] (II) Using input driver 'libinput' for 'Apple Inc. Apple Internal Keyboard / Trackpad'
[  1510.903] (II) systemd-logind: got fd for /dev/input/event6 13:70 fd 30 paused 0
[  1510.903] (**) Apple Inc. Apple Internal Keyboard / Trackpad: always reports core events
[  1510.903] (**) Option "Device" "/dev/input/event6"
[  1510.903] (**) Option "_source" "server/udev"
[  1510.904] (II) event6  - Apple Inc. Apple Internal Keyboard / Trackpad: is tagged by udev as: Keyboard
[  1510.904] (II) event6  - Apple Inc. Apple Internal Keyboard / Trackpad: device is a keyboard
[  1510.904] (II) event6  - Apple Inc. Apple Internal Keyboard / Trackpad: device removed
[  1510.904] (**) Option "config_info" "udev:/sys/devices/pci0000:00/0000:00:1d.0/usb2/2-1/2-1.8/2-1.8.2/2-1.8.2:1.0/0003:05AC:0259.0002/input/input6/event6"
[  1510.904] (II) XINPUT: Adding extended input device "Apple Inc. Apple Internal Keyboard / Trackpad" (type: KEYBOARD, id 12)
[  1510.904] (**) Option "xkb_model" "pc105"
[  1510.904] (**) Option "xkb_layout" "us"
[  1510.904] (II) event6  - Apple Inc. Apple Internal Keyboard / Trackpad: is tagged by udev as: Keyboard
[  1510.904] (II) event6  - Apple Inc. Apple Internal Keyboard / Trackpad: device is a keyboard
[  1510.905] (II) config/udev: Adding input device bcm5974 (/dev/input/event14)
[  1510.905] (**) bcm5974: Applying InputClass "evdev touchpad catchall"
[  1510.905] (**) bcm5974: Applying InputClass "libinput touchpad catchall"
[  1510.905] (**) bcm5974: Applying InputClass "touchpad catchall"
[  1510.905] (**) bcm5974: Applying InputClass "Default clickpad buttons"
[  1510.905] (**) bcm5974: Applying InputClass "Disable clickpad buttons on Apple touchpads"
[  1510.905] (II) LoadModule: "synaptics"
[  1510.906] (II) Loading /usr/lib/xorg/modules/input/synaptics_drv.so
[  1510.906] (II) Module synaptics: vendor="X.Org Foundation"
[  1510.906] 	compiled for 1.19.3, module version = 1.9.0
[  1510.906] 	Module class: X.Org XInput Driver
[  1510.906] 	ABI class: X.Org XInput driver, version 24.1
[  1510.906] (II) Using input driver 'synaptics' for 'bcm5974'
[  1510.907] (II) systemd-logind: got fd for /dev/input/event14 13:78 fd 31 paused 0
[  1510.907] (**) bcm5974: always reports core events
[  1510.907] (**) Option "Device" "/dev/input/event14"
[  1510.907] (II) synaptics: bcm5974: found clickpad property
[  1510.907] (--) synaptics: bcm5974: x-axis range -4750 - 5280 (res 94)
[  1510.907] (--) synaptics: bcm5974: y-axis range -150 - 6730 (res 92)
[  1510.907] (--) synaptics: bcm5974: pressure range 0 - 256
[  1510.907] (--) synaptics: bcm5974: finger width range 0 - 16
[  1510.907] (--) synaptics: bcm5974: buttons: left double triple
[  1510.907] (--) synaptics: bcm5974: Vendor 0x5ac Product 0x259
[  1510.907] (**) Option "SoftButtonAreas" "0 0 0 0 0 0 0 0"
[  1510.907] (--) synaptics: bcm5974: touchpad found
[  1510.907] (**) bcm5974: always reports core events
[  1510.907] (**) Option "config_info" "udev:/sys/devices/pci0000:00/0000:00:1d.0/usb2/2-1/2-1.8/2-1.8.2/2-1.8.2:1.2/input/input14/event14"
[  1510.908] (II) XINPUT: Adding extended input device "bcm5974" (type: TOUCHPAD, id 13)
[  1510.908] (**) synaptics: bcm5974: (accel) MinSpeed is now constant deceleration 2.5
[  1510.908] (**) synaptics: bcm5974: (accel) MaxSpeed is now 1.75
[  1510.908] (**) synaptics: bcm5974: (accel) AccelFactor is now 0.016
[  1510.908] (**) bcm5974: (accel) keeping acceleration scheme 1
[  1510.908] (**) bcm5974: (accel) acceleration profile 1
[  1510.908] (**) bcm5974: (accel) acceleration factor: 2.000
[  1510.908] (**) bcm5974: (accel) acceleration threshold: 4
[  1510.908] (--) synaptics: bcm5974: touchpad found
[  1510.908] (II) config/udev: Adding input device bcm5974 (/dev/input/mouse2)
[  1510.908] (**) bcm5974: Ignoring device from InputClass "touchpad ignore duplicates"
[  1510.909] (II) config/udev: Adding input device applesmc (/dev/input/event7)
[  1510.909] (II) No input driver specified, ignoring this device.
[  1510.909] (II) This device may have been added with another device file.
[  1510.909] (II) config/udev: Adding input device applesmc (/dev/input/js0)
[  1510.909] (II) No input driver specified, ignoring this device.
[  1510.909] (II) This device may have been added with another device file.
[  1511.392] (II) modeset(0): EDID vendor "APP", prod id 40980
[  1511.392] (II) modeset(0): Printing DDC gathered Modelines:
[  1511.392] (II) modeset(0): Modeline "2560x1600"x0.0  268.50  2560 2608 2640 2720  1600 1603 1609 1646 +hsync -vsync (98.7 kHz eP)
[  1565.893] (II) modeset(0): EDID vendor "APP", prod id 40980
[  1565.893] (II) modeset(0): Printing DDC gathered Modelines:
[  1565.893] (II) modeset(0): Modeline "2560x1600"x0.0  268.50  2560 2608 2640 2720  1600 1603 1609 1646 +hsync -vsync (98.7 kHz eP)
[  1625.348] (**) Option "fd" "22"
[  1625.348] (II) event3  - Power Button: device removed
[  1625.348] (**) Option "fd" "25"
[  1625.348] (II) event4  - Video Bus: device removed
[  1625.348] (**) Option "fd" "26"
[  1625.348] (II) event1  - Power Button: device removed
[  1625.348] (**) Option "fd" "27"
[  1625.348] (II) event2  - Sleep Button: device removed
[  1625.348] (**) Option "fd" "28"
[  1625.348] (II) event5  - Logitech USB Optical Mouse: device removed
[  1625.348] (**) Option "fd" "29"
[  1625.348] (II) event13 - FaceTime HD Camera (Built-in): : device removed
[  1625.348] (**) Option "fd" "30"
[  1625.348] (II) event6  - Apple Inc. Apple Internal Keyboard / Trackpad: device removed
[  1625.352] (II) UnloadModule: "synaptics"
[  1625.352] (II) systemd-logind: releasing fd for 13:78
[  1625.439] (II) UnloadModule: "libinput"
[  1625.439] (II) systemd-logind: releasing fd for 13:70
[  1625.485] (II) UnloadModule: "libinput"
[  1625.485] (II) systemd-logind: releasing fd for 13:77
[  1625.521] (II) UnloadModule: "libinput"
[  1625.521] (II) systemd-logind: releasing fd for 13:69
[  1625.536] (II) UnloadModule: "libinput"
[  1625.537] (II) systemd-logind: releasing fd for 13:66
[  1625.552] (II) UnloadModule: "libinput"
[  1625.553] (II) systemd-logind: releasing fd for 13:65
[  1625.589] (II) UnloadModule: "libinput"
[  1625.589] (II) systemd-logind: releasing fd for 13:68
[  1625.614] (II) UnloadModule: "libinput"
[  1625.614] (II) systemd-logind: releasing fd for 13:67
[  1626.001] (WW) xf86CloseConsole: KDSETMODE failed: Input/output error
[  1626.001] (WW) xf86CloseConsole: VT_GETMODE failed: Input/output error
[  1626.001] (WW) xf86CloseConsole: VT_ACTIVATE failed: Input/output error
[  1627.150] (II) Server terminated successfully (0). Closing log file.
